[0.022s] Invoking command in '/home/stinky/Documents/ros2_ws/build/cpp_pubsub': AMENT_PREFIX_PATH=/home/stinky/Documents/ros2_ws/install/tutorials_interfaces:${AMENT_PREFIX_PATH} CMAKE_PREFIX_PATH=/home/stinky/Documents/ros2_ws/install/tutorials_interfaces:/opt/ros/humble LD_LIBRARY_PATH=/home/stinky/Documents/ros2_ws/install/tutorials_interfaces/lib:${LD_LIBRARY_PATH} PYTHONPATH=/home/stinky/Documents/ros2_ws/install/tutorials_interfaces/local/lib/python3.10/dist-packages:${PYTHONPATH} /usr/bin/cmake --build /home/stinky/Documents/ros2_ws/build/cpp_pubsub -- -j8 -l8
[0.094s] [ 50%] [32mBuilding CXX object CMakeFiles/talker.dir/src/publisher_member_function.cpp.o[0m
[0.095s] [ 50%] [32mBuilding CXX object CMakeFiles/listener.dir/src/subscriber_member_function.cpp.o[0m
[0.329s] [01m[K/home/stinky/Documents/ros2_ws/src/cpp_pubsub/src/subscriber_member_function.cpp:5:10:[m[K [01;31m[Kfatal error: [m[Ktutorials_interfaces/msg/num.hpp: No such file or directory
[0.329s]     5 | #include [01;31m[K"tutorials_interfaces/msg/num.hpp"[m[K                                       // CHANGE
[0.330s]       |          [01;31m[K^~~~~~~~~~~~~~~~~~~~~~~~~~~~~~~~~~[m[K
[0.330s] compilation terminated.
[0.336s] [01m[K/home/stinky/Documents/ros2_ws/src/cpp_pubsub/src/publisher_member_function.cpp:5:10:[m[K [01;31m[Kfatal error: [m[Ktutorials_interfaces/msg/num.hpp: No such file or directory
[0.336s]     5 | #include [01;31m[K"tutorials_interfaces/msg/num.hpp"[m[K                                            // CHANGE
[0.336s]       |          [01;31m[K^~~~~~~~~~~~~~~~~~~~~~~~~~~~~~~~~~[m[K
[0.336s] compilation terminated.
[0.339s] gmake[2]: *** [CMakeFiles/listener.dir/build.make:76: CMakeFiles/listener.dir/src/subscriber_member_function.cpp.o] Error 1
[0.339s] gmake[2]: *** [CMakeFiles/talker.dir/build.make:76: CMakeFiles/talker.dir/src/publisher_member_function.cpp.o] Error 1
[0.339s] gmake[1]: *** [CMakeFiles/Makefile2:165: CMakeFiles/listener.dir/all] Error 2
[0.339s] gmake[1]: *** Waiting for unfinished jobs....
[0.339s] gmake[1]: *** [CMakeFiles/Makefile2:139: CMakeFiles/talker.dir/all] Error 2
[0.339s] gmake: *** [Makefile:146: all] Error 2
[0.343s] Invoked command in '/home/stinky/Documents/ros2_ws/build/cpp_pubsub' returned '2': AMENT_PREFIX_PATH=/home/stinky/Documents/ros2_ws/install/tutorials_interfaces:${AMENT_PREFIX_PATH} CMAKE_PREFIX_PATH=/home/stinky/Documents/ros2_ws/install/tutorials_interfaces:/opt/ros/humble LD_LIBRARY_PATH=/home/stinky/Documents/ros2_ws/install/tutorials_interfaces/lib:${LD_LIBRARY_PATH} PYTHONPATH=/home/stinky/Documents/ros2_ws/install/tutorials_interfaces/local/lib/python3.10/dist-packages:${PYTHONPATH} /usr/bin/cmake --build /home/stinky/Documents/ros2_ws/build/cpp_pubsub -- -j8 -l8
