[0.026s] Invoking command in '/home/stinky/Documents/ros2_ws/build/action_tutorials_cpp': AMENT_PREFIX_PATH=/home/stinky/Documents/ros2_ws/install/action_tutorials_interfaces:${AMENT_PREFIX_PATH} CMAKE_PREFIX_PATH=/home/stinky/Documents/ros2_ws/install/action_tutorials_interfaces:/home/stinky/Documents/ros2_ws/install/tutorials_interfaces:/home/stinky/Documents/ros2_ws/install/cpp_srvcli:/home/stinky/Documents/ros2_ws/install/cpp_pubsub:/home/stinky/Documents/ros2_ws/install/tutorial_interfaces:/home/stinky/Documents/ros2_ws/install/turtlesim:/home/stinky/Documents/ros2_ws/install/cpp_parameters:/opt/ros/humble LD_LIBRARY_PATH=/home/stinky/Documents/ros2_ws/install/action_tutorials_interfaces/lib:${LD_LIBRARY_PATH} PYTHONPATH=/home/stinky/Documents/ros2_ws/install/action_tutorials_interfaces/local/lib/python3.10/dist-packages:${PYTHONPATH} /usr/bin/cmake /home/stinky/Documents/ros2_ws/src/action_tutorials_cpp -DCMAKE_INSTALL_PREFIX=/home/stinky/Documents/ros2_ws/install/action_tutorials_cpp
[0.166s] -- The C compiler identification is GNU 11.4.0
[0.278s] -- The CXX compiler identification is GNU 11.4.0
[0.299s] -- Detecting C compiler ABI info
[0.400s] -- Detecting C compiler ABI info - done
[0.415s] -- Check for working C compiler: /usr/bin/cc - skipped
[0.417s] -- Detecting C compile features
[0.418s] -- Detecting C compile features - done
[0.429s] -- Detecting CXX compiler ABI info
[0.556s] -- Detecting CXX compiler ABI info - done
[0.577s] -- Check for working CXX compiler: /usr/bin/c++ - skipped
[0.577s] -- Detecting CXX compile features
[0.579s] -- Detecting CXX compile features - done
[0.595s] -- Found ament_cmake: 1.3.5 (/opt/ros/humble/share/ament_cmake/cmake)
[0.863s] -- Found Python3: /usr/bin/python3.10 (found version "3.10.12") found components: Interpreter 
[1.039s] -- Found action_tutorials_interfaces: 0.0.0 (/home/stinky/Documents/ros2_ws/install/action_tutorials_interfaces/share/action_tutorials_interfaces/cmake)
[1.092s] -- Found rosidl_generator_c: 3.1.5 (/opt/ros/humble/share/rosidl_generator_c/cmake)
[1.100s] -- Found rosidl_adapter: 3.1.5 (/opt/ros/humble/share/rosidl_adapter/cmake)
[1.112s] -- Found rosidl_generator_cpp: 3.1.5 (/opt/ros/humble/share/rosidl_generator_cpp/cmake)
[1.130s] -- Using all available rosidl_typesupport_c: rosidl_typesupport_fastrtps_c;rosidl_typesupport_introspection_c
[1.163s] -- Using all available rosidl_typesupport_cpp: rosidl_typesupport_fastrtps_cpp;rosidl_typesupport_introspection_cpp
[1.381s] -- Found rclcpp: 16.0.5 (/opt/ros/humble/share/rclcpp/cmake)
[1.478s] -- Found rmw_implementation_cmake: 6.1.1 (/opt/ros/humble/share/rmw_implementation_cmake/cmake)
[1.485s] -- Found rmw_fastrtps_cpp: 6.2.3 (/opt/ros/humble/share/rmw_fastrtps_cpp/cmake)
[1.664s] -- Found OpenSSL: /usr/lib/x86_64-linux-gnu/libcrypto.so (found version "3.0.2")  
[1.701s] -- Found FastRTPS: /opt/ros/humble/include  
[1.764s] -- Using RMW implementation 'rmw_fastrtps_cpp' as default
[1.779s] -- Looking for pthread.h
[1.878s] -- Looking for pthread.h - found
[1.879s] -- Performing Test CMAKE_HAVE_LIBC_PTHREAD
[1.978s] -- Performing Test CMAKE_HAVE_LIBC_PTHREAD - Success
[1.980s] -- Found Threads: TRUE  
[2.208s] -- Found rclcpp_action: 16.0.5 (/opt/ros/humble/share/rclcpp_action/cmake)
[2.250s] -- Found rclcpp_components: 16.0.5 (/opt/ros/humble/share/rclcpp_components/cmake)
[2.366s] -- Found ament_lint_auto: 0.12.7 (/opt/ros/humble/share/ament_lint_auto/cmake)
[2.510s] -- Added test 'cppcheck' to perform static code analysis on C / C++ code
[2.510s] -- Configured cppcheck include dirs: $<BUILD_INTERFACE:/home/stinky/Documents/ros2_ws/src/action_tutorials_cpp/include>
[2.510s] -- Configured cppcheck exclude dirs and/or files: 
[2.511s] -- Added test 'lint_cmake' to check CMake code style
[2.513s] -- Added test 'uncrustify' to check C / C++ code style
[2.513s] -- Configured uncrustify additional arguments: 
[2.514s] -- Added test 'xmllint' to check XML markup files
[2.516s] -- Configuring done
[2.537s] -- Generating done
[2.539s] -- Build files have been written to: /home/stinky/Documents/ros2_ws/build/action_tutorials_cpp
[2.553s] Invoked command in '/home/stinky/Documents/ros2_ws/build/action_tutorials_cpp' returned '0': AMENT_PREFIX_PATH=/home/stinky/Documents/ros2_ws/install/action_tutorials_interfaces:${AMENT_PREFIX_PATH} CMAKE_PREFIX_PATH=/home/stinky/Documents/ros2_ws/install/action_tutorials_interfaces:/home/stinky/Documents/ros2_ws/install/tutorials_interfaces:/home/stinky/Documents/ros2_ws/install/cpp_srvcli:/home/stinky/Documents/ros2_ws/install/cpp_pubsub:/home/stinky/Documents/ros2_ws/install/tutorial_interfaces:/home/stinky/Documents/ros2_ws/install/turtlesim:/home/stinky/Documents/ros2_ws/install/cpp_parameters:/opt/ros/humble LD_LIBRARY_PATH=/home/stinky/Documents/ros2_ws/install/action_tutorials_interfaces/lib:${LD_LIBRARY_PATH} PYTHONPATH=/home/stinky/Documents/ros2_ws/install/action_tutorials_interfaces/local/lib/python3.10/dist-packages:${PYTHONPATH} /usr/bin/cmake /home/stinky/Documents/ros2_ws/src/action_tutorials_cpp -DCMAKE_INSTALL_PREFIX=/home/stinky/Documents/ros2_ws/install/action_tutorials_cpp
[2.556s] Invoking command in '/home/stinky/Documents/ros2_ws/build/action_tutorials_cpp': AMENT_PREFIX_PATH=/home/stinky/Documents/ros2_ws/install/action_tutorials_interfaces:${AMENT_PREFIX_PATH} CMAKE_PREFIX_PATH=/home/stinky/Documents/ros2_ws/install/action_tutorials_interfaces:/home/stinky/Documents/ros2_ws/install/tutorials_interfaces:/home/stinky/Documents/ros2_ws/install/cpp_srvcli:/home/stinky/Documents/ros2_ws/install/cpp_pubsub:/home/stinky/Documents/ros2_ws/install/tutorial_interfaces:/home/stinky/Documents/ros2_ws/install/turtlesim:/home/stinky/Documents/ros2_ws/install/cpp_parameters:/opt/ros/humble LD_LIBRARY_PATH=/home/stinky/Documents/ros2_ws/install/action_tutorials_interfaces/lib:${LD_LIBRARY_PATH} PYTHONPATH=/home/stinky/Documents/ros2_ws/install/action_tutorials_interfaces/local/lib/python3.10/dist-packages:${PYTHONPATH} /usr/bin/cmake --build /home/stinky/Documents/ros2_ws/build/action_tutorials_cpp -- -j8 -l8
[2.625s] [ 25%] [32mBuilding CXX object CMakeFiles/action_server.dir/src/fibonacci_action_server.cpp.o[0m
[2.628s] [ 50%] [32mBuilding CXX object CMakeFiles/fibonacci_action_server.dir/rclcpp_components/node_main_fibonacci_action_server.cpp.o[0m
[2.927s] [01m[K/home/stinky/Documents/ros2_ws/src/action_tutorials_cpp/src/fibonacci_action_server.cpp:10:10:[m[K [01;31m[Kfatal error: [m[Kaction_tutorials_cpp/visibility_control.h: No such file or directory
[2.927s]    10 | #include [01;31m[K"action_tutorials_cpp/visibility_control.h"[m[K
[2.927s]       |          [01;31m[K^~~~~~~~~~~~~~~~~~~~~~~~~~~~~~~~~~~~~~~~~~~[m[K
[2.927s] compilation terminated.
[2.931s] gmake[2]: *** [CMakeFiles/action_server.dir/build.make:76: CMakeFiles/action_server.dir/src/fibonacci_action_server.cpp.o] Error 1
[2.931s] gmake[1]: *** [CMakeFiles/Makefile2:139: CMakeFiles/action_server.dir/all] Error 2
[2.932s] gmake[1]: *** Waiting for unfinished jobs....
[6.482s] [ 75%] [32m[1mLinking CXX executable fibonacci_action_server[0m
[6.671s] [ 75%] Built target fibonacci_action_server
[6.672s] gmake: *** [Makefile:146: all] Error 2
[6.676s] Invoked command in '/home/stinky/Documents/ros2_ws/build/action_tutorials_cpp' returned '2': AMENT_PREFIX_PATH=/home/stinky/Documents/ros2_ws/install/action_tutorials_interfaces:${AMENT_PREFIX_PATH} CMAKE_PREFIX_PATH=/home/stinky/Documents/ros2_ws/install/action_tutorials_interfaces:/home/stinky/Documents/ros2_ws/install/tutorials_interfaces:/home/stinky/Documents/ros2_ws/install/cpp_srvcli:/home/stinky/Documents/ros2_ws/install/cpp_pubsub:/home/stinky/Documents/ros2_ws/install/tutorial_interfaces:/home/stinky/Documents/ros2_ws/install/turtlesim:/home/stinky/Documents/ros2_ws/install/cpp_parameters:/opt/ros/humble LD_LIBRARY_PATH=/home/stinky/Documents/ros2_ws/install/action_tutorials_interfaces/lib:${LD_LIBRARY_PATH} PYTHONPATH=/home/stinky/Documents/ros2_ws/install/action_tutorials_interfaces/local/lib/python3.10/dist-packages:${PYTHONPATH} /usr/bin/cmake --build /home/stinky/Documents/ros2_ws/build/action_tutorials_cpp -- -j8 -l8
